[2023-10-09T17:52:00.828] [INFO] http - main.js(line: 663, column: 25): 
  >>>>>>>>>>>>>>>>>>>>>>>>>>>>>>>>>>>>>>>>>>>>>>>>>>>>>>>>>>>>>>>>
  Request original url: /?name=%E5%BC%A0%E4%B8%89&age=18
  Method: GET
  IP: ::1
  Status code: 200
  Parmas: {}
  Query: {
  "name": "张三",
  "age": "18"
}
  Body: {} 
  >>>>>>>>>>>>>>>>>>>>>>>>>>>>>>>>>>>>>>>>>>>>>>>>>>>>>>>>>>>>>>>>

[2023-10-09T17:52:09.072] [INFO] http - main.js(line: 663, column: 25): 
  >>>>>>>>>>>>>>>>>>>>>>>>>>>>>>>>>>>>>>>>>>>>>>>>>>>>>>>>>>>>>>>>
  Request original url: /?name=%E5%BC%A0%E4%B8%89&age=18
  Method: GET
  IP: ::1
  Status code: 200
  Parmas: {}
  Query: {
  "name": "张三",
  "age": "18"
}
  Body: {} 
  >>>>>>>>>>>>>>>>>>>>>>>>>>>>>>>>>>>>>>>>>>>>>>>>>>>>>>>>>>>>>>>>

